<?xml version="1.0" encoding="UTF-8"?>
<coverage generated="1637269779134" clover="3.2.0">
  <project timestamp="1637269779134" name="All files">
    <metrics statements="4" coveredstatements="4" conditionals="6" coveredconditionals="6" methods="2" coveredmethods="2" elements="12" coveredelements="12" complexity="0" loc="4" ncloc="4" packages="2" files="2" classes="2"/>
    <package name="src.checkOptions">
      <metrics statements="3" coveredstatements="3" conditionals="6" coveredconditionals="6" methods="2" coveredmethods="2"/>
      <file name="formatFlagsNames.js" path="E:\Тоня\NODEJS\RSSNodeTasks\RSSNodeTasks\src\checkOptions\formatFlagsNames.js">
        <metrics statements="3" coveredstatements="3" conditionals="6" coveredconditionals="6" methods="2" coveredmethods="2"/>
        <line num="2" count="1" type="stmt"/>
        <line num="3" count="6" type="stmt"/>
        <line num="11" count="1" type="stmt"/>
      </file>
    </package>
    <package name="tests">
      <metrics statements="1" coveredstatements="1" conditionals="0" coveredconditionals="0" methods="0" coveredmethods="0"/>
      <file name="constants.js" path="E:\Тоня\NODEJS\RSSNodeTasks\RSSNodeTasks\tests\constants.js">
        <metrics statements="1" coveredstatements="1" conditionals="0" coveredconditionals="0" methods="0" coveredmethods="0"/>
        <line num="1" count="1" type="stmt"/>
      </file>
    </package>
  </project>
</coverage>
