{"E:\\Тоня\\NODEJS\\RSSNodeTasks\\RSSNodeTasks\\src\\checkOptions\\formatFlagsNames.js": {"path":"E:\\Тоня\\NODEJS\\RSSNodeTasks\\RSSNodeTasks\\src\\checkOptions\\formatFlagsNames.js","statementMap":{"0":{"start":{"line":2,"column":4},"end":{"line":8,"column":7}},"1":{"start":{"line":3,"column":8},"end":{"line":7,"column":9}},"2":{"start":{"line":11,"column":0},"end":{"line":11,"column":34}}},"fnMap":{"0":{"name":"formatFlagsNames","decl":{"start":{"line":1,"column":9},"end":{"line":1,"column":25}},"loc":{"start":{"line":1,"column":35},"end":{"line":9,"column":1}},"line":1},"1":{"name":"(anonymous_1)","decl":{"start":{"line":2,"column":33},"end":{"line":2,"column":34}},"loc":{"start":{"line":2,"column":43},"end":{"line":8,"column":5}},"line":2}},"branchMap":{"0":{"loc":{"start":{"line":4,"column":12},"end":{"line":6,"column":45}},"type":"cond-expr","locations":[{"start":{"line":4,"column":33},"end":{"line":4,"column":37}},{"start":{"line":5,"column":12},"end":{"line":6,"column":45}}],"line":4},"1":{"loc":{"start":{"line":5,"column":12},"end":{"line":6,"column":45}},"type":"cond-expr","locations":[{"start":{"line":5,"column":34},"end":{"line":5,"column":38}},{"start":{"line":6,"column":12},"end":{"line":6,"column":45}}],"line":5},"2":{"loc":{"start":{"line":6,"column":12},"end":{"line":6,"column":45}},"type":"cond-expr","locations":[{"start":{"line":6,"column":34},"end":{"line":6,"column":38}},{"start":{"line":6,"column":41},"end":{"line":6,"column":45}}],"line":6}},"s":{"0":1,"1":6,"2":1},"f":{"0":1,"1":6},"b":{"0":[1,5],"1":[1,4],"2":[1,3]},"_coverageSchema":"1a1c01bbd47fc00a2c39e90264f33305004495a9","hash":"e1854fb9c96cf6da667324a720987a46c2fdc246"}
,"E:\\Тоня\\NODEJS\\RSSNodeTasks\\RSSNodeTasks\\tests\\constants.js": {"path":"E:\\Тоня\\NODEJS\\RSSNodeTasks\\RSSNodeTasks\\tests\\constants.js","statementMap":{"0":{"start":{"line":1,"column":0},"end":{"line":3,"column":1}}},"fnMap":{},"branchMap":{},"s":{"0":1},"f":{},"b":{},"_coverageSchema":"1a1c01bbd47fc00a2c39e90264f33305004495a9","hash":"ce943840fa4b494d1e8e496c859a5510ff9e9c1b"}
}
